// 重构日志: 7cb11be3
// 重构日志: 5d9800b9
// 同步 ID: 72d1aeb2 @ Tue Jul  7 12:23:35 UTC 2026
// 重构日志: d45f2765
// 重构日志: 3fbf1cfd
// 同步 ID: c087afab @ Thu Jul  9 16:37:59 UTC 2026
// 同步 ID: de232a61 @ Fri Jul 10 05:07:11 UTC 2026
// 同步 ID: aebc5bd3 @ Fri Jul 10 09:12:34 UTC 2026
// 重构日志: 679f02a6
// 重构日志: 03530751
// 重构日志: 5fc6b496
// 重构日志: 1d299088
// 同步 ID: 6985c64c @ Mon Jul 13 04:33:07 UTC 2026
// 重构日志: c4d9da2e
// 重构日志: d72efeec
// 重构日志: 560ef308
// 重构日志: f0f2552e
// 重构日志: 719eec22
// 重构日志: 23c505c0
// 同步 ID: 2167918f @ Thu Jul 16 03:52:33 UTC 2026
// 同步 ID: 59b59217 @ Thu Jul 16 12:27:46 UTC 2026
// 同步 ID: 93431f39 @ Fri Jul 17 04:52:01 UTC 2026
// 重构日志: a533437b
// 重构日志: aaad4264
// 重构日志: 9854abf2
// 重构日志: 8c559bcd
// 同步 ID: a398af83 @ Sat Jul 18 09:33:51 UTC 2026
// 重构日志: d3c6d9d3
// 同步 ID: e099fc52 @ Mon Jul 20 11:57:44 UTC 2026
// 同步 ID: b06e301d @ Mon Jul 20 15:08:42 UTC 2026
// 重构日志: ad8a0307
// 重构日志: 8cc1d0ba
